# JRE version: OpenJDK Runtime Environment Corretto-17.0.6.10.1 (17.0.6+10) (build 17.0.6+10-LTS)
# Java VM: OpenJDK 64-Bit Server VM Corretto-17.0.6.10.1 (17.0.6+10-LTS, mixed mode, sharing, tiered, compressed oops, compressed class ptrs, g1 gc, windows-amd64)
GC Precious Log:
 CPUs: 8 total, 8 available
 Memory: 16314M
 Large Page Support: Disabled
 NUMA Support: Disabled
 Compressed Oops: Enabled (32-bit)
 Heap Region Size: 1M
 Heap Min Capacity: 8M
 Heap Initial Capacity: 256M
 Heap Max Capacity: 2G
 Pre-touch: Disabled
 Parallel Workers: 8
 Concurrent Workers: 2
 Concurrent Refinement Workers: 8
 Periodic GC: Disabled
Heap:
 garbage-first heap   total 364544K, used 155488K [0x0000000080000000, 0x0000000100000000)
  region size 1024K, 12 young (12288K), 12 survivors (12288K)
 Metaspace       used 121539K, committed 122944K, reserved 1155072K
  class space    used 16066K, committed 16768K, reserved 1048576K
GC Heap History (20 events):
Event: 1166.532 GC heap after
{Heap after GC invocations=98 (full 0):
 garbage-first heap   total 364544K, used 148480K [0x0000000080000000, 0x0000000100000000)
  region size 1024K, 3 young (3072K), 3 survivors (3072K)
 Metaspace       used 118530K, committed 119488K, reserved 1155072K
  class space    used 15703K, committed 16192K, reserved 1048576K
}
Event: 1205.614 GC heap before
{Heap before GC invocations=98 (full 0):
 garbage-first heap   total 364544K, used 276480K [0x0000000080000000, 0x0000000100000000)
  region size 1024K, 129 young (132096K), 3 survivors (3072K)
 Metaspace       used 120200K, committed 121216K, reserved 1155072K
  class space    used 15884K, committed 16384K, reserved 1048576K
}
Event: 1205.620 GC heap after
{Heap after GC invocations=99 (full 0):
 garbage-first heap   total 364544K, used 149091K [0x0000000080000000, 0x0000000100000000)
  region size 1024K, 4 young (4096K), 4 survivors (4096K)
 Metaspace       used 120200K, committed 121216K, reserved 1155072K
  class space    used 15884K, committed 16384K, reserved 1048576K
}
Event: 1234.357 GC heap before
{Heap before GC invocations=100 (full 0):
 garbage-first heap   total 364544K, used 276067K [0x0000000080000000, 0x0000000100000000)
  region size 1024K, 137 young (140288K), 4 survivors (4096K)
 Metaspace       used 121008K, committed 122368K, reserved 1155072K
  class space    used 16030K, committed 16704K, reserved 1048576K
}
Event: 1234.375 GC heap after
{Heap after GC invocations=101 (full 0):
 garbage-first heap   total 364544K, used 158967K [0x0000000080000000, 0x0000000100000000)
  region size 1024K, 18 young (18432K), 18 survivors (18432K)
 Metaspace       used 121008K, committed 122368K, reserved 1155072K
  class space    used 16030K, committed 16704K, reserved 1048576K
}
Event: 1234.384 GC heap before
{Heap before GC invocations=101 (full 0):
 garbage-first heap   total 364544K, used 159991K [0x0000000080000000, 0x0000000100000000)
  region size 1024K, 19 young (19456K), 18 survivors (18432K)
 Metaspace       used 121008K, committed 122368K, reserved 1155072K
  class space    used 16030K, committed 16704K, reserved 1048576K
}
Event: 1234.399 GC heap after
{Heap after GC invocations=102 (full 0):
 garbage-first heap   total 364544K, used 143445K [0x0000000080000000, 0x0000000100000000)
  region size 1024K, 3 young (3072K), 3 survivors (3072K)
 Metaspace       used 121008K, committed 122368K, reserved 1155072K
  class space    used 16030K, committed 16704K, reserved 1048576K
}
Event: 1234.704 GC heap before
{Heap before GC invocations=102 (full 0):
 garbage-first heap   total 364544K, used 158805K [0x0000000080000000, 0x0000000100000000)
  region size 1024K, 19 young (19456K), 3 survivors (3072K)
 Metaspace       used 121028K, committed 122368K, reserved 1155072K
  class space    used 16030K, committed 16704K, reserved 1048576K
}
Event: 1234.711 GC heap after
{Heap after GC invocations=103 (full 0):
 garbage-first heap   total 364544K, used 149794K [0x0000000080000000, 0x0000000100000000)
  region size 1024K, 9 young (9216K), 9 survivors (9216K)
 Metaspace       used 121028K, committed 122368K, reserved 1155072K
  class space    used 16030K, committed 16704K, reserved 1048576K
}
Event: 1239.161 GC heap before
{Heap before GC invocations=104 (full 0):
 garbage-first heap   total 364544K, used 296226K [0x0000000080000000, 0x0000000100000000)
  region size 1024K, 136 young (139264K), 9 survivors (9216K)
 Metaspace       used 121165K, committed 122496K, reserved 1155072K
  class space    used 16032K, committed 16704K, reserved 1048576K
}
Event: 1239.173 GC heap after
{Heap after GC invocations=105 (full 0):
 garbage-first heap   total 364544K, used 154347K [0x0000000080000000, 0x0000000100000000)
  region size 1024K, 15 young (15360K), 15 survivors (15360K)
 Metaspace       used 121165K, committed 122496K, reserved 1155072K
  class space    used 16032K, committed 16704K, reserved 1048576K
}
Event: 1239.188 GC heap before
{Heap before GC invocations=105 (full 0):
 garbage-first heap   total 364544K, used 157419K [0x0000000080000000, 0x0000000100000000)
  region size 1024K, 18 young (18432K), 15 survivors (15360K)
 Metaspace       used 121173K, committed 122496K, reserved 1155072K
  class space    used 16032K, committed 16704K, reserved 1048576K
}
Event: 1239.198 GC heap after
{Heap after GC invocations=106 (full 0):
 garbage-first heap   total 364544K, used 150008K [0x0000000080000000, 0x0000000100000000)
  region size 1024K, 2 young (2048K), 2 survivors (2048K)
 Metaspace       used 121173K, committed 122496K, reserved 1155072K
  class space    used 16032K, committed 16704K, reserved 1048576K
}
Event: 1239.503 GC heap before
{Heap before GC invocations=106 (full 0):
 garbage-first heap   total 364544K, used 167416K [0x0000000080000000, 0x0000000100000000)
  region size 1024K, 21 young (21504K), 2 survivors (2048K)
 Metaspace       used 121193K, committed 122496K, reserved 1155072K
  class space    used 16032K, committed 16704K, reserved 1048576K
}
Event: 1239.505 GC heap after
{Heap after GC invocations=107 (full 0):
 garbage-first heap   total 364544K, used 150036K [0x0000000080000000, 0x0000000100000000)
  region size 1024K, 2 young (2048K), 2 survivors (2048K)
 Metaspace       used 121193K, committed 122496K, reserved 1155072K
  class space    used 16032K, committed 16704K, reserved 1048576K
}
Event: 3153.446 GC heap before
{Heap before GC invocations=108 (full 0):
 garbage-first heap   total 364544K, used 336404K [0x0000000080000000, 0x0000000100000000)
  region size 1024K, 139 young (142336K), 2 survivors (2048K)
 Metaspace       used 121513K, committed 122944K, reserved 1155072K
  class space    used 16066K, committed 16768K, reserved 1048576K
}
Event: 3153.460 GC heap after
{Heap after GC invocations=109 (full 0):
 garbage-first heap   total 364544K, used 160502K [0x0000000080000000, 0x0000000100000000)
  region size 1024K, 18 young (18432K), 18 survivors (18432K)
 Metaspace       used 121513K, committed 122944K, reserved 1155072K
  class space    used 16066K, committed 16768K, reserved 1048576K
}
Event: 3153.475 GC heap before
{Heap before GC invocations=109 (full 0):
 garbage-first heap   total 364544K, used 161526K [0x0000000080000000, 0x0000000100000000)
  region size 1024K, 19 young (19456K), 18 survivors (18432K)
 Metaspace       used 121513K, committed 122944K, reserved 1155072K
  class space    used 16066K, committed 16768K, reserved 1048576K
}
Event: 3153.501 GC heap after
{Heap after GC invocations=110 (full 0):
 garbage-first heap   total 364544K, used 146005K [0x0000000080000000, 0x0000000100000000)
  region size 1024K, 2 young (2048K), 2 survivors (2048K)
 Metaspace       used 121513K, committed 122944K, reserved 1155072K
  class space    used 16066K, committed 16768K, reserved 1048576K
}
Event: 3154.113 GC heap before
{Heap before GC invocations=110 (full 0):
 garbage-first heap   total 364544K, used 169557K [0x0000000080000000, 0x0000000100000000)
  region size 1024K, 27 young (27648K), 2 survivors (2048K)
 Metaspace       used 121539K, committed 122944K, reserved 1155072K
  class space    used 16066K, committed 16768K, reserved 1048576K
}

